{"datetime":"2025-10-26 00:01:27.570","name":"todo-application","hostname":"DESKTOP-USUA6E9","level":"INFO ","message":Restarting due to 6 class path changes (0 additions, 0 deletions, 6 modifications),"v":0}
{"datetime":"2025-10-26 00:01:27.573","name":"todo-application","hostname":"DESKTOP-USUA6E9","level":"INFO ","message":Commencing graceful shutdown. Waiting for active requests to complete,"v":0}
{"datetime":"2025-10-26 00:01:27.573","name":"todo-application","hostname":"DESKTOP-USUA6E9","level":"INFO ","message":Pausing ProtocolHandler ["http-nio-8081"],"v":0}
{"datetime":"2025-10-26 00:01:27.634","name":"todo-application","hostname":"DESKTOP-USUA6E9","level":"INFO ","message":Graceful shutdown complete,"v":0}
{"datetime":"2025-10-26 00:01:27.634","name":"todo-application","hostname":"DESKTOP-USUA6E9","level":"INFO ","message":Stopping ProtocolHandler ["http-nio-8081"],"v":0}
{"datetime":"2025-10-26 00:01:27.636","name":"todo-application","hostname":"DESKTOP-USUA6E9","level":"INFO ","message":Closing JPA EntityManagerFactory for persistence unit 'default',"v":0}
{"datetime":"2025-10-26 00:01:27.637","name":"todo-application","hostname":"DESKTOP-USUA6E9","level":"INFO ","message":HikariPool-5 - Shutdown initiated...,"v":0}
{"datetime":"2025-10-26 00:01:27.640","name":"todo-application","hostname":"DESKTOP-USUA6E9","level":"INFO ","message":HikariPool-5 - Shutdown completed.,"v":0}
{"datetime":"2025-10-26 00:01:27.716","name":"todo-application","hostname":"DESKTOP-USUA6E9","level":"INFO ","message":Starting TodoApplicationBackendApplication using Java 17.0.12 with PID 29540 (D:\me\coverage-x\to-do-application\todo-application-backend\target\classes started by LakshanDayathilake in D:\me\coverage-x\to-do-application\todo-application-backend),"v":0}
{"datetime":"2025-10-26 00:01:27.716","name":"todo-application","hostname":"DESKTOP-USUA6E9","level":"INFO ","message":No active profile set, falling back to 1 default profile: "default","v":0}
{"datetime":"2025-10-26 00:01:28.046","name":"todo-application","hostname":"DESKTOP-USUA6E9","level":"INFO ","message":Bootstrapping Spring Data JPA repositories in DEFAULT mode.,"v":0}
{"datetime":"2025-10-26 00:01:28.073","name":"todo-application","hostname":"DESKTOP-USUA6E9","level":"INFO ","message":Finished Spring Data repository scanning in 25 ms. Found 2 JPA repository interfaces.,"v":0}
{"datetime":"2025-10-26 00:01:28.200","name":"todo-application","hostname":"DESKTOP-USUA6E9","level":"INFO ","message":Tomcat initialized with port 8081 (http),"v":0}
{"datetime":"2025-10-26 00:01:28.201","name":"todo-application","hostname":"DESKTOP-USUA6E9","level":"INFO ","message":Initializing ProtocolHandler ["http-nio-8081"],"v":0}
{"datetime":"2025-10-26 00:01:28.201","name":"todo-application","hostname":"DESKTOP-USUA6E9","level":"INFO ","message":Starting service [Tomcat],"v":0}
{"datetime":"2025-10-26 00:01:28.201","name":"todo-application","hostname":"DESKTOP-USUA6E9","level":"INFO ","message":Starting Servlet engine: [Apache Tomcat/10.1.48],"v":0}
{"datetime":"2025-10-26 00:01:28.222","name":"todo-application","hostname":"DESKTOP-USUA6E9","level":"INFO ","message":Initializing Spring embedded WebApplicationContext,"v":0}
{"datetime":"2025-10-26 00:01:28.223","name":"todo-application","hostname":"DESKTOP-USUA6E9","level":"INFO ","message":Root WebApplicationContext: initialization completed in 506 ms,"v":0}
{"datetime":"2025-10-26 00:01:28.290","name":"todo-application","hostname":"DESKTOP-USUA6E9","level":"INFO ","message":HHH000204: Processing PersistenceUnitInfo [name: default],"v":0}
{"datetime":"2025-10-26 00:01:28.295","name":"todo-application","hostname":"DESKTOP-USUA6E9","level":"INFO ","message":HHH000026: Second-level cache disabled,"v":0}
{"datetime":"2025-10-26 00:01:28.297","name":"todo-application","hostname":"DESKTOP-USUA6E9","level":"INFO ","message":Envers integration enabled? : true,"v":0}
{"datetime":"2025-10-26 00:01:28.301","name":"todo-application","hostname":"DESKTOP-USUA6E9","level":"INFO ","message":No LoadTimeWeaver setup: ignoring JPA class transformer,"v":0}
{"datetime":"2025-10-26 00:01:28.303","name":"todo-application","hostname":"DESKTOP-USUA6E9","level":"INFO ","message":HikariPool-6 - Starting...,"v":0}
{"datetime":"2025-10-26 00:01:28.322","name":"todo-application","hostname":"DESKTOP-USUA6E9","level":"INFO ","message":HikariPool-6 - Added connection com.mysql.cj.jdbc.ConnectionImpl@2887c784,"v":0}
{"datetime":"2025-10-26 00:01:28.322","name":"todo-application","hostname":"DESKTOP-USUA6E9","level":"INFO ","message":HikariPool-6 - Start completed.,"v":0}
{"datetime":"2025-10-26 00:01:28.323","name":"todo-application","hostname":"DESKTOP-USUA6E9","level":"WARN ","message":HHH90000025: MySQL8Dialect does not need to be specified explicitly using 'hibernate.dialect' (remove the property setting and it will be selected by default),"v":0}
{"datetime":"2025-10-26 00:01:28.323","name":"todo-application","hostname":"DESKTOP-USUA6E9","level":"WARN ","message":HHH90000026: MySQL8Dialect has been deprecated; use org.hibernate.dialect.MySQLDialect instead,"v":0}
{"datetime":"2025-10-26 00:01:28.323","name":"todo-application","hostname":"DESKTOP-USUA6E9","level":"INFO ","message":HHH10001005: Database info:
	Database JDBC URL [Connecting through datasource 'HikariDataSource (HikariPool-6)']
	Database driver: undefined/unknown
	Database version: 8.0
	Autocommit mode: undefined/unknown
	Isolation level: undefined/unknown
	Minimum pool size: undefined/unknown
	Maximum pool size: undefined/unknown,"v":0}
{"datetime":"2025-10-26 00:01:28.368","name":"todo-application","hostname":"DESKTOP-USUA6E9","level":"INFO ","message":HHH000489: No JTA platform available (set 'hibernate.transaction.jta.platform' to enable JTA platform integration),"v":0}
{"datetime":"2025-10-26 00:01:28.399","name":"todo-application","hostname":"DESKTOP-USUA6E9","level":"INFO ","message":Initialized JPA EntityManagerFactory for persistence unit 'default',"v":0}
{"datetime":"2025-10-26 00:01:28.478","name":"todo-application","hostname":"DESKTOP-USUA6E9","level":"WARN ","message":spring.jpa.open-in-view is enabled by default. Therefore, database queries may be performed during view rendering. Explicitly configure spring.jpa.open-in-view to disable this warning,"v":0}
{"datetime":"2025-10-26 00:01:28.620","name":"todo-application","hostname":"DESKTOP-USUA6E9","level":"INFO ","message":LiveReload server is running on port 35729,"v":0}
{"datetime":"2025-10-26 00:01:28.621","name":"todo-application","hostname":"DESKTOP-USUA6E9","level":"INFO ","message":Exposing 3 endpoints beneath base path '/actuator',"v":0}
{"datetime":"2025-10-26 00:01:28.634","name":"todo-application","hostname":"DESKTOP-USUA6E9","level":"INFO ","message":Starting ProtocolHandler ["http-nio-8081"],"v":0}
{"datetime":"2025-10-26 00:01:28.636","name":"todo-application","hostname":"DESKTOP-USUA6E9","level":"INFO ","message":Tomcat started on port 8081 (http) with context path '/',"v":0}
{"datetime":"2025-10-26 00:01:28.643","name":"todo-application","hostname":"DESKTOP-USUA6E9","level":"INFO ","message":Started TodoApplicationBackendApplication in 0.948 seconds (process running for 435.891),"v":0}
{"datetime":"2025-10-26 00:01:28.645","name":"todo-application","hostname":"DESKTOP-USUA6E9","level":"INFO ","message":Condition evaluation unchanged,"v":0}
{"datetime":"2025-10-26 00:01:29.109","name":"todo-application","hostname":"DESKTOP-USUA6E9","level":"INFO ","message":Initializing Spring DispatcherServlet 'dispatcherServlet',"v":0}
{"datetime":"2025-10-26 00:01:29.109","name":"todo-application","hostname":"DESKTOP-USUA6E9","level":"INFO ","message":Initializing Servlet 'dispatcherServlet',"v":0}
{"datetime":"2025-10-26 00:01:29.110","name":"todo-application","hostname":"DESKTOP-USUA6E9","level":"INFO ","message":Completed initialization in 1 ms,"v":0}
{"datetime":"2025-10-26 00:01:29.489","name":"todo-application","hostname":"DESKTOP-USUA6E9","level":"INFO ","message":Init duration for springdoc-openapi is: 151 ms,"v":0}
{"datetime":"2025-10-26 00:01:30.076","name":"todo-application","hostname":"DESKTOP-USUA6E9","level":"INFO ","message":Restarting due to 6 class path changes (0 additions, 0 deletions, 6 modifications),"v":0}
{"datetime":"2025-10-26 00:01:30.078","name":"todo-application","hostname":"DESKTOP-USUA6E9","level":"INFO ","message":Commencing graceful shutdown. Waiting for active requests to complete,"v":0}
{"datetime":"2025-10-26 00:01:30.078","name":"todo-application","hostname":"DESKTOP-USUA6E9","level":"INFO ","message":Pausing ProtocolHandler ["http-nio-8081"],"v":0}
{"datetime":"2025-10-26 00:01:30.144","name":"todo-application","hostname":"DESKTOP-USUA6E9","level":"INFO ","message":Graceful shutdown complete,"v":0}
{"datetime":"2025-10-26 00:01:30.145","name":"todo-application","hostname":"DESKTOP-USUA6E9","level":"INFO ","message":Stopping ProtocolHandler ["http-nio-8081"],"v":0}
{"datetime":"2025-10-26 00:01:30.147","name":"todo-application","hostname":"DESKTOP-USUA6E9","level":"INFO ","message":Closing JPA EntityManagerFactory for persistence unit 'default',"v":0}
{"datetime":"2025-10-26 00:01:30.147","name":"todo-application","hostname":"DESKTOP-USUA6E9","level":"INFO ","message":HikariPool-6 - Shutdown initiated...,"v":0}
{"datetime":"2025-10-26 00:01:30.148","name":"todo-application","hostname":"DESKTOP-USUA6E9","level":"INFO ","message":HikariPool-6 - Shutdown completed.,"v":0}
{"datetime":"2025-10-26 00:01:30.209","name":"todo-application","hostname":"DESKTOP-USUA6E9","level":"INFO ","message":Starting TodoApplicationBackendApplication using Java 17.0.12 with PID 29540 (D:\me\coverage-x\to-do-application\todo-application-backend\target\classes started by LakshanDayathilake in D:\me\coverage-x\to-do-application\todo-application-backend),"v":0}
{"datetime":"2025-10-26 00:01:30.209","name":"todo-application","hostname":"DESKTOP-USUA6E9","level":"INFO ","message":No active profile set, falling back to 1 default profile: "default","v":0}
{"datetime":"2025-10-26 00:01:30.409","name":"todo-application","hostname":"DESKTOP-USUA6E9","level":"INFO ","message":Bootstrapping Spring Data JPA repositories in DEFAULT mode.,"v":0}
{"datetime":"2025-10-26 00:01:30.428","name":"todo-application","hostname":"DESKTOP-USUA6E9","level":"INFO ","message":Finished Spring Data repository scanning in 18 ms. Found 2 JPA repository interfaces.,"v":0}
{"datetime":"2025-10-26 00:01:30.508","name":"todo-application","hostname":"DESKTOP-USUA6E9","level":"INFO ","message":Tomcat initialized with port 8081 (http),"v":0}
{"datetime":"2025-10-26 00:01:30.509","name":"todo-application","hostname":"DESKTOP-USUA6E9","level":"INFO ","message":Initializing ProtocolHandler ["http-nio-8081"],"v":0}
{"datetime":"2025-10-26 00:01:30.509","name":"todo-application","hostname":"DESKTOP-USUA6E9","level":"INFO ","message":Starting service [Tomcat],"v":0}
{"datetime":"2025-10-26 00:01:30.509","name":"todo-application","hostname":"DESKTOP-USUA6E9","level":"INFO ","message":Starting Servlet engine: [Apache Tomcat/10.1.48],"v":0}
{"datetime":"2025-10-26 00:01:30.522","name":"todo-application","hostname":"DESKTOP-USUA6E9","level":"INFO ","message":Initializing Spring embedded WebApplicationContext,"v":0}
{"datetime":"2025-10-26 00:01:30.522","name":"todo-application","hostname":"DESKTOP-USUA6E9","level":"INFO ","message":Root WebApplicationContext: initialization completed in 312 ms,"v":0}
{"datetime":"2025-10-26 00:01:30.557","name":"todo-application","hostname":"DESKTOP-USUA6E9","level":"INFO ","message":HHH000204: Processing PersistenceUnitInfo [name: default],"v":0}
{"datetime":"2025-10-26 00:01:30.562","name":"todo-application","hostname":"DESKTOP-USUA6E9","level":"INFO ","message":HHH000026: Second-level cache disabled,"v":0}
{"datetime":"2025-10-26 00:01:30.564","name":"todo-application","hostname":"DESKTOP-USUA6E9","level":"INFO ","message":Envers integration enabled? : true,"v":0}
{"datetime":"2025-10-26 00:01:30.565","name":"todo-application","hostname":"DESKTOP-USUA6E9","level":"INFO ","message":No LoadTimeWeaver setup: ignoring JPA class transformer,"v":0}
{"datetime":"2025-10-26 00:01:30.566","name":"todo-application","hostname":"DESKTOP-USUA6E9","level":"INFO ","message":HikariPool-7 - Starting...,"v":0}
{"datetime":"2025-10-26 00:01:30.575","name":"todo-application","hostname":"DESKTOP-USUA6E9","level":"INFO ","message":HikariPool-7 - Added connection com.mysql.cj.jdbc.ConnectionImpl@45c5cd90,"v":0}
{"datetime":"2025-10-26 00:01:30.575","name":"todo-application","hostname":"DESKTOP-USUA6E9","level":"INFO ","message":HikariPool-7 - Start completed.,"v":0}
{"datetime":"2025-10-26 00:01:30.575","name":"todo-application","hostname":"DESKTOP-USUA6E9","level":"WARN ","message":HHH90000025: MySQL8Dialect does not need to be specified explicitly using 'hibernate.dialect' (remove the property setting and it will be selected by default),"v":0}
{"datetime":"2025-10-26 00:01:30.575","name":"todo-application","hostname":"DESKTOP-USUA6E9","level":"WARN ","message":HHH90000026: MySQL8Dialect has been deprecated; use org.hibernate.dialect.MySQLDialect instead,"v":0}
{"datetime":"2025-10-26 00:01:30.575","name":"todo-application","hostname":"DESKTOP-USUA6E9","level":"INFO ","message":HHH10001005: Database info:
	Database JDBC URL [Connecting through datasource 'HikariDataSource (HikariPool-7)']
	Database driver: undefined/unknown
	Database version: 8.0
	Autocommit mode: undefined/unknown
	Isolation level: undefined/unknown
	Minimum pool size: undefined/unknown
	Maximum pool size: undefined/unknown,"v":0}
{"datetime":"2025-10-26 00:01:30.655","name":"todo-application","hostname":"DESKTOP-USUA6E9","level":"INFO ","message":HHH000489: No JTA platform available (set 'hibernate.transaction.jta.platform' to enable JTA platform integration),"v":0}
{"datetime":"2025-10-26 00:01:30.676","name":"todo-application","hostname":"DESKTOP-USUA6E9","level":"INFO ","message":Initialized JPA EntityManagerFactory for persistence unit 'default',"v":0}
{"datetime":"2025-10-26 00:01:30.792","name":"todo-application","hostname":"DESKTOP-USUA6E9","level":"WARN ","message":spring.jpa.open-in-view is enabled by default. Therefore, database queries may be performed during view rendering. Explicitly configure spring.jpa.open-in-view to disable this warning,"v":0}
{"datetime":"2025-10-26 00:01:31.087","name":"todo-application","hostname":"DESKTOP-USUA6E9","level":"INFO ","message":LiveReload server is running on port 35729,"v":0}
{"datetime":"2025-10-26 00:01:31.092","name":"todo-application","hostname":"DESKTOP-USUA6E9","level":"INFO ","message":Exposing 3 endpoints beneath base path '/actuator',"v":0}
{"datetime":"2025-10-26 00:01:31.125","name":"todo-application","hostname":"DESKTOP-USUA6E9","level":"INFO ","message":Starting ProtocolHandler ["http-nio-8081"],"v":0}
{"datetime":"2025-10-26 00:01:31.130","name":"todo-application","hostname":"DESKTOP-USUA6E9","level":"INFO ","message":Tomcat started on port 8081 (http) with context path '/',"v":0}
{"datetime":"2025-10-26 00:01:31.148","name":"todo-application","hostname":"DESKTOP-USUA6E9","level":"INFO ","message":Started TodoApplicationBackendApplication in 0.954 seconds (process running for 438.395),"v":0}
{"datetime":"2025-10-26 00:01:31.151","name":"todo-application","hostname":"DESKTOP-USUA6E9","level":"INFO ","message":Condition evaluation unchanged,"v":0}
{"datetime":"2025-10-26 00:01:36.049","name":"todo-application","hostname":"DESKTOP-USUA6E9","level":"INFO ","message":Initializing Spring DispatcherServlet 'dispatcherServlet',"v":0}
{"datetime":"2025-10-26 00:01:36.049","name":"todo-application","hostname":"DESKTOP-USUA6E9","level":"INFO ","message":Initializing Servlet 'dispatcherServlet',"v":0}
{"datetime":"2025-10-26 00:01:36.051","name":"todo-application","hostname":"DESKTOP-USUA6E9","level":"INFO ","message":Completed initialization in 2 ms,"v":0}
{"datetime":"2025-10-26 00:11:17.133","name":"todo-application","hostname":"DESKTOP-USUA6E9","level":"INFO ","message":Restarting due to 1 class path change (1 addition, 0 deletions, 0 modifications),"v":0}
{"datetime":"2025-10-26 00:11:17.135","name":"todo-application","hostname":"DESKTOP-USUA6E9","level":"INFO ","message":Commencing graceful shutdown. Waiting for active requests to complete,"v":0}
{"datetime":"2025-10-26 00:11:17.135","name":"todo-application","hostname":"DESKTOP-USUA6E9","level":"INFO ","message":Pausing ProtocolHandler ["http-nio-8081"],"v":0}
{"datetime":"2025-10-26 00:11:17.189","name":"todo-application","hostname":"DESKTOP-USUA6E9","level":"INFO ","message":Graceful shutdown complete,"v":0}
{"datetime":"2025-10-26 00:11:17.190","name":"todo-application","hostname":"DESKTOP-USUA6E9","level":"INFO ","message":Stopping ProtocolHandler ["http-nio-8081"],"v":0}
{"datetime":"2025-10-26 00:11:17.191","name":"todo-application","hostname":"DESKTOP-USUA6E9","level":"INFO ","message":Closing JPA EntityManagerFactory for persistence unit 'default',"v":0}
{"datetime":"2025-10-26 00:11:17.192","name":"todo-application","hostname":"DESKTOP-USUA6E9","level":"INFO ","message":HikariPool-7 - Shutdown initiated...,"v":0}
{"datetime":"2025-10-26 00:11:17.195","name":"todo-application","hostname":"DESKTOP-USUA6E9","level":"INFO ","message":HikariPool-7 - Shutdown completed.,"v":0}
{"datetime":"2025-10-26 00:11:17.251","name":"todo-application","hostname":"DESKTOP-USUA6E9","level":"INFO ","message":Starting TodoApplicationBackendApplication using Java 17.0.12 with PID 29540 (D:\me\coverage-x\to-do-application\todo-application-backend\target\classes started by LakshanDayathilake in D:\me\coverage-x\to-do-application\todo-application-backend),"v":0}
{"datetime":"2025-10-26 00:11:17.251","name":"todo-application","hostname":"DESKTOP-USUA6E9","level":"INFO ","message":No active profile set, falling back to 1 default profile: "default","v":0}
{"datetime":"2025-10-26 00:11:17.355","name":"todo-application","hostname":"DESKTOP-USUA6E9","level":"WARN ","message":Exception encountered during context initialization - cancelling refresh attempt: org.springframework.beans.factory.support.BeanDefinitionOverrideException: Invalid bean definition with name 'jpaAuditingHandler' defined in null: Cannot register bean definition [Root bean: class=org.springframework.data.auditing.AuditingHandler; scope=; abstract=false; lazyInit=null; autowireMode=2; dependencyCheck=0; autowireCandidate=true; primary=false; fallback=false; factoryBeanName=null; factoryMethodName=from; initMethodNames=null; destroyMethodNames=null] for bean 'jpaAuditingHandler' since there is already [Root bean: class=org.springframework.data.auditing.AuditingHandler; scope=; abstract=false; lazyInit=null; autowireMode=2; dependencyCheck=0; autowireCandidate=true; primary=false; fallback=false; factoryBeanName=null; factoryMethodName=from; initMethodNames=null; destroyMethodNames=null] bound.,"v":0}
{"datetime":"2025-10-26 00:11:17.359","name":"todo-application","hostname":"DESKTOP-USUA6E9","level":"INFO ","message":

Error starting ApplicationContext. To display the condition evaluation report re-run your application with 'debug' enabled.,"v":0}
{"datetime":"2025-10-26 00:11:17.372","name":"todo-application","hostname":"DESKTOP-USUA6E9","level":"ERROR","message":

***************************
APPLICATION FAILED TO START
***************************

Description:

The bean 'jpaAuditingHandler' could not be registered. A bean with that name has already been defined and overriding is disabled.

Action:

Consider renaming one of the beans or enabling overriding by setting spring.main.allow-bean-definition-overriding=true
,"v":0}
{"datetime":"2025-10-26 00:11:38.216","name":"todo-application","hostname":"DESKTOP-USUA6E9","level":"INFO ","message":Starting TodoApplicationBackendApplication using Java 17.0.12 with PID 29540 (D:\me\coverage-x\to-do-application\todo-application-backend\target\classes started by LakshanDayathilake in D:\me\coverage-x\to-do-application\todo-application-backend),"v":0}
{"datetime":"2025-10-26 00:11:38.217","name":"todo-application","hostname":"DESKTOP-USUA6E9","level":"INFO ","message":No active profile set, falling back to 1 default profile: "default","v":0}
{"datetime":"2025-10-26 00:11:38.410","name":"todo-application","hostname":"DESKTOP-USUA6E9","level":"WARN ","message":Exception encountered during context initialization - cancelling refresh attempt: org.springframework.beans.factory.support.BeanDefinitionOverrideException: Invalid bean definition with name 'jpaAuditingHandler' defined in null: Cannot register bean definition [Root bean: class=org.springframework.data.auditing.AuditingHandler; scope=; abstract=false; lazyInit=null; autowireMode=2; dependencyCheck=0; autowireCandidate=true; primary=false; fallback=false; factoryBeanName=null; factoryMethodName=from; initMethodNames=null; destroyMethodNames=null] for bean 'jpaAuditingHandler' since there is already [Root bean: class=org.springframework.data.auditing.AuditingHandler; scope=; abstract=false; lazyInit=null; autowireMode=2; dependencyCheck=0; autowireCandidate=true; primary=false; fallback=false; factoryBeanName=null; factoryMethodName=from; initMethodNames=null; destroyMethodNames=null] bound.,"v":0}
{"datetime":"2025-10-26 00:11:38.413","name":"todo-application","hostname":"DESKTOP-USUA6E9","level":"INFO ","message":

Error starting ApplicationContext. To display the condition evaluation report re-run your application with 'debug' enabled.,"v":0}
{"datetime":"2025-10-26 00:11:38.416","name":"todo-application","hostname":"DESKTOP-USUA6E9","level":"ERROR","message":

***************************
APPLICATION FAILED TO START
***************************

Description:

The bean 'jpaAuditingHandler' could not be registered. A bean with that name has already been defined and overriding is disabled.

Action:

Consider renaming one of the beans or enabling overriding by setting spring.main.allow-bean-definition-overriding=true
,"v":0}
{"datetime":"2025-10-26 00:14:13.909","name":"todo-application","hostname":"DESKTOP-USUA6E9","level":"INFO ","message":HV000001: Hibernate Validator 8.0.3.Final,"v":0}
{"datetime":"2025-10-26 00:14:13.959","name":"todo-application","hostname":"DESKTOP-USUA6E9","level":"INFO ","message":Starting TodoApplicationBackendApplication using Java 17.0.12 with PID 29008 (D:\me\coverage-x\to-do-application\todo-application-backend\target\classes started by LakshanDayathilake in D:\me\coverage-x\to-do-application\todo-application-backend),"v":0}
{"datetime":"2025-10-26 00:14:13.960","name":"todo-application","hostname":"DESKTOP-USUA6E9","level":"INFO ","message":No active profile set, falling back to 1 default profile: "default","v":0}
{"datetime":"2025-10-26 00:14:14.006","name":"todo-application","hostname":"DESKTOP-USUA6E9","level":"INFO ","message":Devtools property defaults active! Set 'spring.devtools.add-properties' to 'false' to disable,"v":0}
{"datetime":"2025-10-26 00:14:14.006","name":"todo-application","hostname":"DESKTOP-USUA6E9","level":"INFO ","message":For additional web related logging consider setting the 'logging.level.web' property to 'DEBUG',"v":0}
{"datetime":"2025-10-26 00:14:14.533","name":"todo-application","hostname":"DESKTOP-USUA6E9","level":"WARN ","message":Exception encountered during context initialization - cancelling refresh attempt: org.springframework.beans.factory.support.BeanDefinitionOverrideException: Invalid bean definition with name 'jpaAuditingHandler' defined in null: Cannot register bean definition [Root bean: class=org.springframework.data.auditing.AuditingHandler; scope=; abstract=false; lazyInit=null; autowireMode=2; dependencyCheck=0; autowireCandidate=true; primary=false; fallback=false; factoryBeanName=null; factoryMethodName=from; initMethodNames=null; destroyMethodNames=null] for bean 'jpaAuditingHandler' since there is already [Root bean: class=org.springframework.data.auditing.AuditingHandler; scope=; abstract=false; lazyInit=null; autowireMode=2; dependencyCheck=0; autowireCandidate=true; primary=false; fallback=false; factoryBeanName=null; factoryMethodName=from; initMethodNames=null; destroyMethodNames=null] bound.,"v":0}
{"datetime":"2025-10-26 00:14:14.540","name":"todo-application","hostname":"DESKTOP-USUA6E9","level":"INFO ","message":

Error starting ApplicationContext. To display the condition evaluation report re-run your application with 'debug' enabled.,"v":0}
{"datetime":"2025-10-26 00:14:14.552","name":"todo-application","hostname":"DESKTOP-USUA6E9","level":"ERROR","message":

***************************
APPLICATION FAILED TO START
***************************

Description:

The bean 'jpaAuditingHandler' could not be registered. A bean with that name has already been defined and overriding is disabled.

Action:

Consider renaming one of the beans or enabling overriding by setting spring.main.allow-bean-definition-overriding=true
,"v":0}
{"datetime":"2025-10-26 00:15:02.162","name":"todo-application","hostname":"DESKTOP-USUA6E9","level":"INFO ","message":HV000001: Hibernate Validator 8.0.3.Final,"v":0}
{"datetime":"2025-10-26 00:15:02.209","name":"todo-application","hostname":"DESKTOP-USUA6E9","level":"INFO ","message":Starting TodoApplicationBackendApplication using Java 17.0.12 with PID 25272 (D:\me\coverage-x\to-do-application\todo-application-backend\target\classes started by LakshanDayathilake in D:\me\coverage-x\to-do-application\todo-application-backend),"v":0}
{"datetime":"2025-10-26 00:15:02.210","name":"todo-application","hostname":"DESKTOP-USUA6E9","level":"INFO ","message":No active profile set, falling back to 1 default profile: "default","v":0}
{"datetime":"2025-10-26 00:15:02.248","name":"todo-application","hostname":"DESKTOP-USUA6E9","level":"INFO ","message":Devtools property defaults active! Set 'spring.devtools.add-properties' to 'false' to disable,"v":0}
{"datetime":"2025-10-26 00:15:02.248","name":"todo-application","hostname":"DESKTOP-USUA6E9","level":"INFO ","message":For additional web related logging consider setting the 'logging.level.web' property to 'DEBUG',"v":0}
{"datetime":"2025-10-26 00:15:03.075","name":"todo-application","hostname":"DESKTOP-USUA6E9","level":"INFO ","message":Bootstrapping Spring Data JPA repositories in DEFAULT mode.,"v":0}
{"datetime":"2025-10-26 00:15:03.150","name":"todo-application","hostname":"DESKTOP-USUA6E9","level":"INFO ","message":Finished Spring Data repository scanning in 65 ms. Found 2 JPA repository interfaces.,"v":0}
{"datetime":"2025-10-26 00:15:03.664","name":"todo-application","hostname":"DESKTOP-USUA6E9","level":"INFO ","message":Tomcat initialized with port 8081 (http),"v":0}
{"datetime":"2025-10-26 00:15:03.673","name":"todo-application","hostname":"DESKTOP-USUA6E9","level":"INFO ","message":Initializing ProtocolHandler ["http-nio-8081"],"v":0}
{"datetime":"2025-10-26 00:15:03.674","name":"todo-application","hostname":"DESKTOP-USUA6E9","level":"INFO ","message":Starting service [Tomcat],"v":0}
{"datetime":"2025-10-26 00:15:03.675","name":"todo-application","hostname":"DESKTOP-USUA6E9","level":"INFO ","message":Starting Servlet engine: [Apache Tomcat/10.1.48],"v":0}
{"datetime":"2025-10-26 00:15:03.712","name":"todo-application","hostname":"DESKTOP-USUA6E9","level":"INFO ","message":Initializing Spring embedded WebApplicationContext,"v":0}
{"datetime":"2025-10-26 00:15:03.712","name":"todo-application","hostname":"DESKTOP-USUA6E9","level":"INFO ","message":Root WebApplicationContext: initialization completed in 1464 ms,"v":0}
{"datetime":"2025-10-26 00:15:03.886","name":"todo-application","hostname":"DESKTOP-USUA6E9","level":"INFO ","message":HHH000204: Processing PersistenceUnitInfo [name: default],"v":0}
{"datetime":"2025-10-26 00:15:03.942","name":"todo-application","hostname":"DESKTOP-USUA6E9","level":"INFO ","message":HHH000412: Hibernate ORM core version 6.6.33.Final,"v":0}
{"datetime":"2025-10-26 00:15:03.976","name":"todo-application","hostname":"DESKTOP-USUA6E9","level":"INFO ","message":HHH000026: Second-level cache disabled,"v":0}
{"datetime":"2025-10-26 00:15:04.038","name":"todo-application","hostname":"DESKTOP-USUA6E9","level":"INFO ","message":Envers integration enabled? : true,"v":0}
{"datetime":"2025-10-26 00:15:04.180","name":"todo-application","hostname":"DESKTOP-USUA6E9","level":"INFO ","message":No LoadTimeWeaver setup: ignoring JPA class transformer,"v":0}
{"datetime":"2025-10-26 00:15:04.203","name":"todo-application","hostname":"DESKTOP-USUA6E9","level":"INFO ","message":HikariPool-1 - Starting...,"v":0}
{"datetime":"2025-10-26 00:15:04.311","name":"todo-application","hostname":"DESKTOP-USUA6E9","level":"INFO ","message":HikariPool-1 - Added connection com.mysql.cj.jdbc.ConnectionImpl@4742a4a3,"v":0}
{"datetime":"2025-10-26 00:15:04.312","name":"todo-application","hostname":"DESKTOP-USUA6E9","level":"INFO ","message":HikariPool-1 - Start completed.,"v":0}
{"datetime":"2025-10-26 00:15:04.344","name":"todo-application","hostname":"DESKTOP-USUA6E9","level":"WARN ","message":HHH90000025: MySQL8Dialect does not need to be specified explicitly using 'hibernate.dialect' (remove the property setting and it will be selected by default),"v":0}
{"datetime":"2025-10-26 00:15:04.345","name":"todo-application","hostname":"DESKTOP-USUA6E9","level":"WARN ","message":HHH90000026: MySQL8Dialect has been deprecated; use org.hibernate.dialect.MySQLDialect instead,"v":0}
{"datetime":"2025-10-26 00:15:04.358","name":"todo-application","hostname":"DESKTOP-USUA6E9","level":"INFO ","message":HHH10001005: Database info:
	Database JDBC URL [Connecting through datasource 'HikariDataSource (HikariPool-1)']
	Database driver: undefined/unknown
	Database version: 8.0
	Autocommit mode: undefined/unknown
	Isolation level: undefined/unknown
	Minimum pool size: undefined/unknown
	Maximum pool size: undefined/unknown,"v":0}
{"datetime":"2025-10-26 00:15:05.014","name":"todo-application","hostname":"DESKTOP-USUA6E9","level":"INFO ","message":HHH000489: No JTA platform available (set 'hibernate.transaction.jta.platform' to enable JTA platform integration),"v":0}
{"datetime":"2025-10-26 00:15:05.077","name":"todo-application","hostname":"DESKTOP-USUA6E9","level":"INFO ","message":Initialized JPA EntityManagerFactory for persistence unit 'default',"v":0}
{"datetime":"2025-10-26 00:15:05.282","name":"todo-application","hostname":"DESKTOP-USUA6E9","level":"WARN ","message":spring.jpa.open-in-view is enabled by default. Therefore, database queries may be performed during view rendering. Explicitly configure spring.jpa.open-in-view to disable this warning,"v":0}
{"datetime":"2025-10-26 00:15:05.701","name":"todo-application","hostname":"DESKTOP-USUA6E9","level":"INFO ","message":LiveReload server is running on port 35729,"v":0}
{"datetime":"2025-10-26 00:15:05.705","name":"todo-application","hostname":"DESKTOP-USUA6E9","level":"INFO ","message":Exposing 3 endpoints beneath base path '/actuator',"v":0}
{"datetime":"2025-10-26 00:15:05.749","name":"todo-application","hostname":"DESKTOP-USUA6E9","level":"INFO ","message":Starting ProtocolHandler ["http-nio-8081"],"v":0}
{"datetime":"2025-10-26 00:15:05.763","name":"todo-application","hostname":"DESKTOP-USUA6E9","level":"INFO ","message":Tomcat started on port 8081 (http) with context path '/',"v":0}
{"datetime":"2025-10-26 00:15:05.774","name":"todo-application","hostname":"DESKTOP-USUA6E9","level":"INFO ","message":Started TodoApplicationBackendApplication in 3.878 seconds (process running for 4.479),"v":0}
{"datetime":"2025-10-26 00:15:06.232","name":"todo-application","hostname":"DESKTOP-USUA6E9","level":"INFO ","message":Initializing Spring DispatcherServlet 'dispatcherServlet',"v":0}
{"datetime":"2025-10-26 00:15:06.232","name":"todo-application","hostname":"DESKTOP-USUA6E9","level":"INFO ","message":Initializing Servlet 'dispatcherServlet',"v":0}
{"datetime":"2025-10-26 00:15:06.233","name":"todo-application","hostname":"DESKTOP-USUA6E9","level":"INFO ","message":Completed initialization in 1 ms,"v":0}
{"datetime":"2025-10-26 00:15:12.428","name":"todo-application","hostname":"DESKTOP-USUA6E9","level":"ERROR","message":CorrelationIdnull, BusinessFieldValidationException Task is not updated.,"v":0}
{"datetime":"2025-10-26 00:15:12.445","name":"todo-application","hostname":"DESKTOP-USUA6E9","level":"WARN ","message":Resolved [BaseRuntimeException(errorDetails=ErrorDetails(exceptionCode=UPDATE_VALIDATION, errorMessage=Task is not updated.), data=null)],"v":0}
{"datetime":"2025-10-26 00:16:08.730","name":"todo-application","hostname":"DESKTOP-USUA6E9","level":"INFO ","message":Restarting due to 1 class path change (0 additions, 0 deletions, 1 modification),"v":0}
{"datetime":"2025-10-26 00:16:08.732","name":"todo-application","hostname":"DESKTOP-USUA6E9","level":"INFO ","message":Commencing graceful shutdown. Waiting for active requests to complete,"v":0}
{"datetime":"2025-10-26 00:16:08.733","name":"todo-application","hostname":"DESKTOP-USUA6E9","level":"INFO ","message":Pausing ProtocolHandler ["http-nio-8081"],"v":0}
{"datetime":"2025-10-26 00:16:08.797","name":"todo-application","hostname":"DESKTOP-USUA6E9","level":"INFO ","message":Graceful shutdown complete,"v":0}
{"datetime":"2025-10-26 00:16:08.797","name":"todo-application","hostname":"DESKTOP-USUA6E9","level":"INFO ","message":Stopping ProtocolHandler ["http-nio-8081"],"v":0}
{"datetime":"2025-10-26 00:16:08.801","name":"todo-application","hostname":"DESKTOP-USUA6E9","level":"INFO ","message":Closing JPA EntityManagerFactory for persistence unit 'default',"v":0}
{"datetime":"2025-10-26 00:16:08.805","name":"todo-application","hostname":"DESKTOP-USUA6E9","level":"INFO ","message":HikariPool-1 - Shutdown initiated...,"v":0}
{"datetime":"2025-10-26 00:16:08.812","name":"todo-application","hostname":"DESKTOP-USUA6E9","level":"INFO ","message":HikariPool-1 - Shutdown completed.,"v":0}
